
                  X                 sum       

                0.                 0.         
               50.E-03            -8.74563E+03
              100.E-03           -20.0491E+03 
              150.E-03           -32.8877E+03 
              200.E-03           -47.0882E+03 
              250.E-03           -62.8599E+03 
              300.E-03           -79.8547E+03 
              350.E-03           -97.9826E+03 
              400.E-03          -117.825E+03  
              450.E-03          -138.979E+03  
              500.E-03          -161.498E+03  
              550.E-03          -186.025E+03  
              600.E-03          -211.819E+03  
              650.E-03          -239.997E+03  
              700.E-03          -269.829E+03  
              750.E-03          -302.065E+03  
              800.E-03          -336.625E+03  
              850.E-03          -373.724E+03  
              900.E-03          -413.875E+03  
              950.E-03          -456.875E+03  
                1.              -503.734E+03  




